{"contracts/ChainCloud.sol":{"l":{"29":7,"30":1,"32":6,"33":6,"37":5,"38":5,"39":0,"40":0,"41":0,"45":5,"46":5,"48":5,"52":2,"53":2,"54":1,"55":1,"58":2,"62":5,"66":3,"70":2},"path":"/home/nilesh/projects/ChainCloud/CloudChain-Backend/contracts/ChainCloud.sol","s":{"1":7,"2":6,"3":6,"4":5,"5":0,"6":0,"7":5,"8":5,"9":2,"10":1,"11":2,"12":5,"13":3,"14":2},"b":{"1":[1,6],"2":[0,5],"3":[0,0],"4":[1,0],"5":[3,2],"6":[2,1]},"f":{"1":7,"2":5,"3":2,"4":5,"5":2},"fnMap":{"1":{"name":"upload","line":28,"loc":{"start":{"line":28,"column":4},"end":{"line":34,"column":4}}},"2":{"name":"permsAllow","line":36,"loc":{"start":{"line":36,"column":4},"end":{"line":49,"column":4}}},"3":{"name":"permsRevoke","line":51,"loc":{"start":{"line":51,"column":4},"end":{"line":59,"column":4}}},"4":{"name":"displayData","line":61,"loc":{"start":{"line":61,"column":4},"end":{"line":67,"column":4}}},"5":{"name":"showAccess","line":69,"loc":{"start":{"line":69,"column":4},"end":{"line":71,"column":4}}}},"statementMap":{"1":{"start":{"line":29,"column":8},"end":{"line":29,"column":865}},"2":{"start":{"line":32,"column":8},"end":{"line":32,"column":36}},"3":{"start":{"line":33,"column":8},"end":{"line":33,"column":43}},"4":{"start":{"line":38,"column":8},"end":{"line":38,"column":1145}},"5":{"start":{"line":39,"column":12},"end":{"line":39,"column":1203}},"6":{"start":{"line":40,"column":16},"end":{"line":40,"column":1287}},"7":{"start":{"line":45,"column":12},"end":{"line":45,"column":61}},"8":{"start":{"line":48,"column":8},"end":{"line":48,"column":38}},"9":{"start":{"line":53,"column":8},"end":{"line":53,"column":1723}},"10":{"start":{"line":54,"column":12},"end":{"line":54,"column":1803}},"11":{"start":{"line":58,"column":8},"end":{"line":58,"column":39}},"12":{"start":{"line":62,"column":8},"end":{"line":62,"column":2069}},"13":{"start":{"line":66,"column":8},"end":{"line":66,"column":29}},"14":{"start":{"line":70,"column":8},"end":{"line":70,"column":39}}},"branchMap":{"1":{"line":29,"type":"if","locations":[{"start":{"line":29,"column":8},"end":{"line":29,"column":8}},{"start":{"line":29,"column":8},"end":{"line":29,"column":8}}]},"2":{"line":38,"type":"if","locations":[{"start":{"line":38,"column":8},"end":{"line":38,"column":8}},{"start":{"line":38,"column":8},"end":{"line":38,"column":8}}]},"3":{"line":40,"type":"if","locations":[{"start":{"line":40,"column":16},"end":{"line":40,"column":16}},{"start":{"line":40,"column":16},"end":{"line":40,"column":16}}]},"4":{"line":54,"type":"if","locations":[{"start":{"line":54,"column":12},"end":{"line":54,"column":12}},{"start":{"line":54,"column":12},"end":{"line":54,"column":12}}]},"5":{"line":62,"type":"if","locations":[{"start":{"line":62,"column":8},"end":{"line":62,"column":8}},{"start":{"line":62,"column":8},"end":{"line":62,"column":8}}]},"6":{"line":63,"type":"cond-expr","locations":[{"start":{"line":63,"column":12},"end":{"line":63,"column":31}},{"start":{"line":63,"column":36},"end":{"line":63,"column":66}}]}}}}