TN:
SF:/home/nilesh/projects/ChainCloud/CloudChain-Backend/contracts/ChainCloud.sol
FN:28,upload
FN:36,permsAllow
FN:51,permsRevoke
FN:61,displayData
FN:69,showAccess
FNF:5
FNH:5
FNDA:7,upload
FNDA:5,permsAllow
FNDA:2,permsRevoke
FNDA:5,displayData
FNDA:2,showAccess
DA:29,7
DA:30,1
DA:32,6
DA:33,6
DA:37,5
DA:38,5
DA:39,0
DA:40,0
DA:41,0
DA:45,5
DA:46,5
DA:48,5
DA:52,2
DA:53,2
DA:54,1
DA:55,1
DA:58,2
DA:62,5
DA:66,3
DA:70,2
LF:20
LH:17
BRDA:29,1,0,1
BRDA:29,1,1,6
BRDA:38,2,0,0
BRDA:38,2,1,5
BRDA:40,3,0,0
BRDA:40,3,1,0
BRDA:54,4,0,1
BRDA:54,4,1,0
BRDA:62,5,0,3
BRDA:62,5,1,2
BRDA:63,6,0,2
BRDA:63,6,1,1
BRF:12
BRH:8
end_of_record
